<?xml version="1.0" encoding="UTF-8"?>
<testng-results ignored="0" total="2" passed="1" failed="1" skipped="0">
  <reporter-output>
  </reporter-output>
  <suite started-at="2024-09-19T00:57:13 IST" name="Default suite" finished-at="2024-09-19T00:57:13 IST" duration-ms="118">
    <groups>
      <group name="cogs">
        <method signature="firstTestng.day2(java.lang.String,java.lang.String)[pri:0, instance:test.firstTestng@247d8ae]" name="day2" class="test.firstTestng"/>
      </group> <!-- cogs -->
    </groups>
    <test started-at="2024-09-19T00:57:13 IST" name="Default test" finished-at="2024-09-19T00:57:13 IST" duration-ms="118">
      <class name="test.firstTestng">
        <test-method signature="day1()[pri:0, instance:test.firstTestng@247d8ae]" started-at="2024-09-19T00:57:13 IST" name="day1" finished-at="2024-09-19T00:57:13 IST" duration-ms="27" status="PASS">
          <reporter-output>
          </reporter-output>
        </test-method> <!-- day1 -->
        <test-method signature="day2(java.lang.String,java.lang.String)[pri:0, instance:test.firstTestng@247d8ae]" started-at="2024-09-19T00:57:13 IST" name="day2" finished-at="2024-09-19T00:57:13 IST" duration-ms="0" status="FAIL">
          <exception class="org.testng.TestNGException">
            <message>
              <![CDATA[
Parameter 'URL' is required by @Test on method day2 but has not been marked @Optional or defined
in C:\Users\Punam\AppData\Local\Temp\testng-eclipse-1124207675\testng-customsuite.xml]]>
            </message>
            <full-stacktrace>
              <![CDATA[org.testng.TestNGException: 
Parameter 'URL' is required by @Test on method day2 but has not been marked @Optional or defined
in C:\Users\Punam\AppData\Local\Temp\testng-eclipse-1124207675\testng-customsuite.xml
at org.testng.internal.Parameters.createParams(Parameters.java:270)
at org.testng.internal.Parameters.createParametersForMethod(Parameters.java:358)
at org.testng.internal.Parameters.createParameters(Parameters.java:700)
at org.testng.internal.Parameters.handleParameters(Parameters.java:884)
at org.testng.internal.Parameters.handleParameters(Parameters.java:740)
at org.testng.internal.ParameterHandler.handleParameters(ParameterHandler.java:59)
at org.testng.internal.ParameterHandler.createParameters(ParameterHandler.java:38)
at org.testng.internal.TestInvoker$MethodInvocationAgent.invoke(TestInvoker.java:791)
at org.testng.internal.TestInvoker.invokeTestMethods(TestInvoker.java:146)
at org.testng.internal.TestMethodWorker.invokeTestMethods(TestMethodWorker.java:146)
at org.testng.internal.TestMethodWorker.run(TestMethodWorker.java:128)
at java.base/java.util.ArrayList.forEach(ArrayList.java:1596)
at org.testng.TestRunner.privateRun(TestRunner.java:794)
at org.testng.TestRunner.run(TestRunner.java:596)
at org.testng.SuiteRunner.runTest(SuiteRunner.java:377)
at org.testng.SuiteRunner.runSequentially(SuiteRunner.java:371)
at org.testng.SuiteRunner.privateRun(SuiteRunner.java:332)
at org.testng.SuiteRunner.run(SuiteRunner.java:276)
at org.testng.SuiteRunnerWorker.runSuite(SuiteRunnerWorker.java:53)
at org.testng.SuiteRunnerWorker.run(SuiteRunnerWorker.java:96)
at org.testng.TestNG.runSuitesSequentially(TestNG.java:1212)
at org.testng.TestNG.runSuitesLocally(TestNG.java:1134)
at org.testng.TestNG.runSuites(TestNG.java:1063)
at org.testng.TestNG.run(TestNG.java:1031)
at org.testng.remote.AbstractRemoteTestNG.run(AbstractRemoteTestNG.java:115)
at org.testng.remote.RemoteTestNG.initAndRun(RemoteTestNG.java:293)
at org.testng.remote.RemoteTestNG.main(RemoteTestNG.java:91)
]]>
            </full-stacktrace>
          </exception> <!-- org.testng.TestNGException -->
          <reporter-output>
          </reporter-output>
        </test-method> <!-- day2 -->
      </class> <!-- test.firstTestng -->
    </test> <!-- Default test -->
  </suite> <!-- Default suite -->
</testng-results>
